<?xml version="1.0" encoding="UTF-8"?>
<testsuite xmlns:xsi="http://www.w3.org/2001/XMLSchema-instance" xsi:noNamespaceSchemaLocation="https://maven.apache.org/surefire/maven-surefire-plugin/xsd/surefire-test-report-3.0.xsd" version="3.0" name="com.fetchRewards.apiApplication.ApiApplicationTests" time="4.732" tests="1" errors="0" skipped="0" failures="0">
  <properties>
[...]
</properties>
  <testcase name="contextLoads" classname="com.fetchRewards.apiApplication.ApiApplicationTests" time="0.415">
    <system-out><![CDATA[19:17:38.221 [main] INFO org.springframework.test.context.support.AnnotationConfigContextLoaderUtils -- Could not detect default configuration classes for test class [com.fetchRewards.apiApplication.ApiApplicationTests]: ApiApplicationTests does not declare any static, non-private, non-final, nested classes annotated with @Configuration.
19:17:38.306 [main] INFO org.springframework.boot.test.context.SpringBootTestContextBootstrapper -- Found @SpringBootConfiguration com.fetchRewards.apiApplication.ApiApplication for test class com.fetchRewards.apiApplication.ApiApplicationTests

  .   ____          _            __ _ _
 /\\ / ___'_ __ _ _(_)_ __  __ _ \ \ \ \
( ( )\___ | '_ | '_| | '_ \/ _` | \ \ \ \
 \\/  ___)| |_)| | | | | || (_| |  ) ) ) )
  '  |____| .__|_| |_|_| |_\__, | / / / /
 =========|_|==============|___/=/_/_/_/

 :: Spring Boot ::                (v3.3.5)

2024-11-10T19:17:38.706-05:00  INFO 14364 --- [           main] c.f.apiApplication.ApiApplicationTests   : Starting ApiApplicationTests using Java 17.0.10 with PID 14364 (started by sarth in C:\Users\sarth\Documents\Companies\Fetch Rewards\apiApplication\apiApplication)
2024-11-10T19:17:38.707-05:00  INFO 14364 --- [           main] c.f.apiApplication.ApiApplicationTests   : No active profile set, falling back to 1 default profile: "default"
2024-11-10T19:17:39.320-05:00  INFO 14364 --- [           main] .s.d.r.c.RepositoryConfigurationDelegate : Bootstrapping Spring Data JPA repositories in DEFAULT mode.
2024-11-10T19:17:39.382-05:00  INFO 14364 --- [           main] .s.d.r.c.RepositoryConfigurationDelegate : Finished Spring Data repository scanning in 54 ms. Found 1 JPA repository interface.
2024-11-10T19:17:39.888-05:00  INFO 14364 --- [           main] o.hibernate.jpa.internal.util.LogHelper  : HHH000204: Processing PersistenceUnitInfo [name: default]
2024-11-10T19:17:39.960-05:00  INFO 14364 --- [           main] org.hibernate.Version                    : HHH000412: Hibernate ORM core version 6.5.3.Final
2024-11-10T19:17:40.001-05:00  INFO 14364 --- [           main] o.h.c.internal.RegionFactoryInitiator    : HHH000026: Second-level cache disabled
2024-11-10T19:17:40.295-05:00  INFO 14364 --- [           main] o.s.o.j.p.SpringPersistenceUnitInfo      : No LoadTimeWeaver setup: ignoring JPA class transformer
2024-11-10T19:17:40.360-05:00  INFO 14364 --- [           main] com.zaxxer.hikari.HikariDataSource       : HikariPool-1 - Starting...
2024-11-10T19:17:40.577-05:00  INFO 14364 --- [           main] com.zaxxer.hikari.pool.HikariPool        : HikariPool-1 - Added connection conn0: url=jdbc:h2:mem:testdb user=SA
2024-11-10T19:17:40.581-05:00  INFO 14364 --- [           main] com.zaxxer.hikari.HikariDataSource       : HikariPool-1 - Start completed.
2024-11-10T19:17:41.463-05:00  INFO 14364 --- [           main] o.h.e.t.j.p.i.JtaPlatformInitiator       : HHH000489: No JTA platform available (set 'hibernate.transaction.jta.platform' to enable JTA platform integration)
Hibernate: create table "receipt$item" (id bigint generated by default as identity, price varchar(255), short_description varchar(255), receipt_id varchar(255), primary key (id))
Hibernate: create table receipt (id varchar(255) not null, points integer not null, purchase_date varchar(255), purchase_time varchar(255), retailer varchar(255), total varchar(255), primary key (id))
Hibernate: alter table if exists "receipt$item" add constraint FK579c1ms9as7wc496kn8xn6quo foreign key (receipt_id) references receipt
2024-11-10T19:17:41.525-05:00  INFO 14364 --- [           main] j.LocalContainerEntityManagerFactoryBean : Initialized JPA EntityManagerFactory for persistence unit 'default'
2024-11-10T19:17:41.950-05:00  WARN 14364 --- [           main] JpaBaseConfiguration$JpaWebConfiguration : spring.jpa.open-in-view is enabled by default. Therefore, database queries may be performed during view rendering. Explicitly configure spring.jpa.open-in-view to disable this warning
2024-11-10T19:17:42.305-05:00  INFO 14364 --- [           main] o.s.b.a.h2.H2ConsoleAutoConfiguration    : H2 console available at '/h2-console'. Database available at 'jdbc:h2:mem:testdb'
2024-11-10T19:17:42.361-05:00  INFO 14364 --- [           main] c.f.apiApplication.ApiApplicationTests   : Started ApiApplicationTests in 3.91 seconds (process running for 4.877)
]]></system-out>
  </testcase>
</testsuite>